TpTrace Verbose: 0 : 16644, 1, 2022/05/18, 13:48:07.874, 684226668584, vstest.console.dll, Version: 17.1.0-release-20220113-05
TpTrace Information: 0 : 16644, 1, 2022/05/18, 13:48:07.895, 684226808142, vstest.console.dll, FilePatternParser: The given file C:\Users\Oleg\Desktop\SeleniumWebDriverDemo\SeleniumWebDriverTests\bin\Debug\net6.0\fine-code-coverage\build-output\SeleniumWebDriverTests.dll is a full path.
TpTrace Verbose: 0 : 16644, 1, 2022/05/18, 13:48:07.903, 684226890194, vstest.console.dll, TestPluginCache.DiscoverTestExtensions: finding test extensions in assemblies ends with: RuntimeProvider.dll TPluginInfo: Microsoft.VisualStudio.TestPlatform.Common.ExtensionFramework.Utilities.TestRuntimePluginInformation TExtension: Microsoft.VisualStudio.TestPlatform.ObjectModel.Host.ITestRuntimeProvider
TpTrace Verbose: 0 : 16644, 1, 2022/05/18, 13:48:07.904, 684226894966, vstest.console.dll, TestPluginCache.GetExtensionPaths: Filtered extension paths: 
TpTrace Verbose: 0 : 16644, 1, 2022/05/18, 13:48:07.904, 684226896238, vstest.console.dll, TestPluginCache.GetExtensionPaths: Added default extension paths: C:\Program Files\dotnet\sdk\6.0.202\Extensions\DumpMinitool.exe
C:\Program Files\dotnet\sdk\6.0.202\Extensions\DumpMinitool.x86.exe
C:\Program Files\dotnet\sdk\6.0.202\Extensions\Microsoft.Diagnostics.NETCore.Client.dll
C:\Program Files\dotnet\sdk\6.0.202\Extensions\Microsoft.TestPlatform.Extensions.BlameDataCollector.dll
C:\Program Files\dotnet\sdk\6.0.202\Extensions\Microsoft.TestPlatform.Extensions.EventLogCollector.dll
C:\Program Files\dotnet\sdk\6.0.202\Extensions\Microsoft.TestPlatform.TestHostRuntimeProvider.dll
C:\Program Files\dotnet\sdk\6.0.202\Extensions\Microsoft.VisualStudio.TestPlatform.Extensions.Html.TestLogger.dll
C:\Program Files\dotnet\sdk\6.0.202\Extensions\Microsoft.VisualStudio.TestPlatform.Extensions.Trx.TestLogger.dll
TpTrace Verbose: 0 : 16644, 1, 2022/05/18, 13:48:07.904, 684226896839, vstest.console.dll, TestPluginCache.GetExtensionPaths: Added unfilterableExtensionPaths: 
TpTrace Information: 0 : 16644, 1, 2022/05/18, 13:48:07.905, 684226906507, vstest.console.dll, AssemblyResolver.ctor: Creating AssemblyResolver with searchDirectories C:\Program Files\dotnet\sdk\6.0.202\Extensions,C:\Program Files\dotnet\sdk\6.0.202
TpTrace Verbose: 0 : 16644, 1, 2022/05/18, 13:48:07.906, 684226917793, vstest.console.dll, TestPluginCache.DiscoverTestExtensions: Discovering the extensions using extension path.
TpTrace Verbose: 0 : 16644, 1, 2022/05/18, 13:48:07.906, 684226920242, vstest.console.dll, TestPluginCache.GetExtensionPaths: Filtered extension paths: 
TpTrace Verbose: 0 : 16644, 1, 2022/05/18, 13:48:07.907, 684226921206, vstest.console.dll, TestPluginCache.GetExtensionPaths: Added default extension paths: C:\Program Files\dotnet\sdk\6.0.202\Extensions\DumpMinitool.exe
C:\Program Files\dotnet\sdk\6.0.202\Extensions\DumpMinitool.x86.exe
C:\Program Files\dotnet\sdk\6.0.202\Extensions\Microsoft.Diagnostics.NETCore.Client.dll
C:\Program Files\dotnet\sdk\6.0.202\Extensions\Microsoft.TestPlatform.Extensions.BlameDataCollector.dll
C:\Program Files\dotnet\sdk\6.0.202\Extensions\Microsoft.TestPlatform.Extensions.EventLogCollector.dll
C:\Program Files\dotnet\sdk\6.0.202\Extensions\Microsoft.TestPlatform.TestHostRuntimeProvider.dll
C:\Program Files\dotnet\sdk\6.0.202\Extensions\Microsoft.VisualStudio.TestPlatform.Extensions.Html.TestLogger.dll
C:\Program Files\dotnet\sdk\6.0.202\Extensions\Microsoft.VisualStudio.TestPlatform.Extensions.Trx.TestLogger.dll
TpTrace Verbose: 0 : 16644, 1, 2022/05/18, 13:48:07.907, 684226921783, vstest.console.dll, TestPluginCache.GetExtensionPaths: Added unfilterableExtensionPaths: 
TpTrace Verbose: 0 : 16644, 1, 2022/05/18, 13:48:07.907, 684226922723, vstest.console.dll, TestPluginCache.DiscoverTestExtensions: Discovering the extensions using allExtensionPaths: C:\Program Files\dotnet\sdk\6.0.202\Extensions\DumpMinitool.exe
C:\Program Files\dotnet\sdk\6.0.202\Extensions\DumpMinitool.x86.exe
C:\Program Files\dotnet\sdk\6.0.202\Extensions\Microsoft.Diagnostics.NETCore.Client.dll
C:\Program Files\dotnet\sdk\6.0.202\Extensions\Microsoft.TestPlatform.Extensions.BlameDataCollector.dll
C:\Program Files\dotnet\sdk\6.0.202\Extensions\Microsoft.TestPlatform.Extensions.EventLogCollector.dll
C:\Program Files\dotnet\sdk\6.0.202\Extensions\Microsoft.TestPlatform.TestHostRuntimeProvider.dll
C:\Program Files\dotnet\sdk\6.0.202\Extensions\Microsoft.VisualStudio.TestPlatform.Extensions.Html.TestLogger.dll
C:\Program Files\dotnet\sdk\6.0.202\Extensions\Microsoft.VisualStudio.TestPlatform.Extensions.Trx.TestLogger.dll
TpTrace Information: 0 : 16644, 1, 2022/05/18, 13:48:07.907, 684226925840, vstest.console.dll, AssemblyResolver.AddSearchDirectories: Adding more searchDirectories C:\Program Files\dotnet\sdk\6.0.202\Extensions,C:\Program Files\dotnet\sdk\6.0.202
TpTrace Information: 0 : 16644, 1, 2022/05/18, 13:48:07.907, 684226926941, vstest.console.dll, AssemblyResolver.AddSearchDirectories: Adding more searchDirectories C:\Program Files\dotnet\sdk\6.0.202\Extensions,C:\Program Files\dotnet\sdk\6.0.202
TpTrace Information: 0 : 16644, 1, 2022/05/18, 13:48:07.907, 684226927594, vstest.console.dll, AssemblyResolver.AddSearchDirectories: Adding more searchDirectories C:\Program Files\dotnet\sdk\6.0.202\Extensions,C:\Program Files\dotnet\sdk\6.0.202
TpTrace Information: 0 : 16644, 1, 2022/05/18, 13:48:07.907, 684226928515, vstest.console.dll, AssemblyResolver.AddSearchDirectories: Adding more searchDirectories C:\Program Files\dotnet\sdk\6.0.202\Extensions,C:\Program Files\dotnet\sdk\6.0.202
TpTrace Information: 0 : 16644, 1, 2022/05/18, 13:48:07.907, 684226929192, vstest.console.dll, AssemblyResolver.AddSearchDirectories: Adding more searchDirectories C:\Program Files\dotnet\sdk\6.0.202\Extensions,C:\Program Files\dotnet\sdk\6.0.202
TpTrace Information: 0 : 16644, 1, 2022/05/18, 13:48:07.907, 684226929950, vstest.console.dll, AssemblyResolver.AddSearchDirectories: Adding more searchDirectories C:\Program Files\dotnet\sdk\6.0.202\Extensions,C:\Program Files\dotnet\sdk\6.0.202
TpTrace Information: 0 : 16644, 1, 2022/05/18, 13:48:07.907, 684226930750, vstest.console.dll, AssemblyResolver.AddSearchDirectories: Adding more searchDirectories C:\Program Files\dotnet\sdk\6.0.202\Extensions,C:\Program Files\dotnet\sdk\6.0.202
TpTrace Information: 0 : 16644, 1, 2022/05/18, 13:48:07.908, 684226931454, vstest.console.dll, AssemblyResolver.AddSearchDirectories: Adding more searchDirectories C:\Program Files\dotnet\sdk\6.0.202\Extensions,C:\Program Files\dotnet\sdk\6.0.202
TpTrace Information: 0 : 16644, 1, 2022/05/18, 13:48:07.908, 684226937446, vstest.console.dll, AssemblyResolver.OnResolve: DumpMinitool: Resolving assembly.
TpTrace Information: 0 : 16644, 1, 2022/05/18, 13:48:07.908, 684226938696, vstest.console.dll, AssemblyResolver.OnResolve: DumpMinitool: Searching in: 'C:\Program Files\dotnet\sdk\6.0.202\Extensions'.
TpTrace Information: 0 : 16644, 1, 2022/05/18, 13:48:07.908, 684226940507, vstest.console.dll, AssemblyResolver.OnResolve: DumpMinitool: Assembly path does not exist: 'C:\Program Files\dotnet\sdk\6.0.202\Extensions\DumpMinitool.dll', returning.
TpTrace Information: 0 : 16644, 1, 2022/05/18, 13:48:07.910, 684226951657, vstest.console.dll, AssemblyResolver.OnResolve: DumpMinitool: Loading assembly 'C:\Program Files\dotnet\sdk\6.0.202\Extensions\DumpMinitool.exe'.
TpTrace Information: 0 : 16644, 1, 2022/05/18, 13:48:07.911, 684226965564, vstest.console.dll, AssemblyResolver.OnResolve: Resolved assembly: DumpMinitool, from path: C:\Program Files\dotnet\sdk\6.0.202\Extensions\DumpMinitool.exe
TpTrace Information: 0 : 16644, 1, 2022/05/18, 13:48:07.921, 684227064311, vstest.console.dll, AssemblyResolver.OnResolve: DumpMinitool.x86: Resolving assembly.
TpTrace Information: 0 : 16644, 1, 2022/05/18, 13:48:07.921, 684227065396, vstest.console.dll, AssemblyResolver.OnResolve: DumpMinitool.x86: Searching in: 'C:\Program Files\dotnet\sdk\6.0.202\Extensions'.
TpTrace Information: 0 : 16644, 1, 2022/05/18, 13:48:07.921, 684227066881, vstest.console.dll, AssemblyResolver.OnResolve: DumpMinitool.x86: Assembly path does not exist: 'C:\Program Files\dotnet\sdk\6.0.202\Extensions\DumpMinitool.x86.dll', returning.
TpTrace Information: 0 : 16644, 1, 2022/05/18, 13:48:07.922, 684227073711, vstest.console.dll, AssemblyResolver.OnResolve: DumpMinitool.x86: Loading assembly 'C:\Program Files\dotnet\sdk\6.0.202\Extensions\DumpMinitool.x86.exe'.
TpTrace Information: 0 : 16644, 1, 2022/05/18, 13:48:07.922, 684227080787, vstest.console.dll, AssemblyResolver.OnResolve: Resolved assembly: DumpMinitool.x86, from path: C:\Program Files\dotnet\sdk\6.0.202\Extensions\DumpMinitool.x86.exe
TpTrace Information: 0 : 16644, 1, 2022/05/18, 13:48:07.923, 684227088029, vstest.console.dll, AssemblyResolver.OnResolve: Microsoft.Diagnostics.NETCore.Client: Resolving assembly.
TpTrace Information: 0 : 16644, 1, 2022/05/18, 13:48:07.923, 684227089209, vstest.console.dll, AssemblyResolver.OnResolve: Microsoft.Diagnostics.NETCore.Client: Searching in: 'C:\Program Files\dotnet\sdk\6.0.202\Extensions'.
TpTrace Information: 0 : 16644, 1, 2022/05/18, 13:48:07.924, 684227095636, vstest.console.dll, AssemblyResolver.OnResolve: Microsoft.Diagnostics.NETCore.Client: Loading assembly 'C:\Program Files\dotnet\sdk\6.0.202\Extensions\Microsoft.Diagnostics.NETCore.Client.dll'.
TpTrace Information: 0 : 16644, 1, 2022/05/18, 13:48:07.925, 684227102994, vstest.console.dll, AssemblyResolver.OnResolve: Resolved assembly: Microsoft.Diagnostics.NETCore.Client, from path: C:\Program Files\dotnet\sdk\6.0.202\Extensions\Microsoft.Diagnostics.NETCore.Client.dll
TpTrace Information: 0 : 16644, 1, 2022/05/18, 13:48:07.929, 684227148080, vstest.console.dll, AssemblyResolver.OnResolve: Microsoft.Bcl.AsyncInterfaces: Resolving assembly.
TpTrace Information: 0 : 16644, 1, 2022/05/18, 13:48:07.929, 684227149197, vstest.console.dll, AssemblyResolver.OnResolve: Microsoft.Bcl.AsyncInterfaces: Searching in: 'C:\Program Files\dotnet\sdk\6.0.202\Extensions'.
TpTrace Information: 0 : 16644, 1, 2022/05/18, 13:48:07.929, 684227150343, vstest.console.dll, AssemblyResolver.OnResolve: Microsoft.Bcl.AsyncInterfaces: Assembly path does not exist: 'C:\Program Files\dotnet\sdk\6.0.202\Extensions\Microsoft.Bcl.AsyncInterfaces.dll', returning.
TpTrace Information: 0 : 16644, 1, 2022/05/18, 13:48:07.930, 684227151351, vstest.console.dll, AssemblyResolver.OnResolve: Microsoft.Bcl.AsyncInterfaces: Assembly path does not exist: 'C:\Program Files\dotnet\sdk\6.0.202\Extensions\Microsoft.Bcl.AsyncInterfaces.exe', returning.
TpTrace Information: 0 : 16644, 1, 2022/05/18, 13:48:07.930, 684227151729, vstest.console.dll, AssemblyResolver.OnResolve: Microsoft.Bcl.AsyncInterfaces: Searching in: 'C:\Program Files\dotnet\sdk\6.0.202'.
TpTrace Information: 0 : 16644, 1, 2022/05/18, 13:48:07.930, 684227152617, vstest.console.dll, AssemblyResolver.OnResolve: Microsoft.Bcl.AsyncInterfaces: Assembly path does not exist: 'C:\Program Files\dotnet\sdk\6.0.202\Microsoft.Bcl.AsyncInterfaces.dll', returning.
TpTrace Information: 0 : 16644, 1, 2022/05/18, 13:48:07.930, 684227153491, vstest.console.dll, AssemblyResolver.OnResolve: Microsoft.Bcl.AsyncInterfaces: Assembly path does not exist: 'C:\Program Files\dotnet\sdk\6.0.202\Microsoft.Bcl.AsyncInterfaces.exe', returning.
TpTrace Information: 0 : 16644, 1, 2022/05/18, 13:48:07.930, 684227153913, vstest.console.dll, AssemblyResolver.OnResolve: Microsoft.Bcl.AsyncInterfaces: Failed to load assembly.
TpTrace Verbose: 0 : 16644, 1, 2022/05/18, 13:48:07.930, 684227154437, vstest.console.dll, CurrentDomainAssemblyResolve: Resolving assembly 'Microsoft.Bcl.AsyncInterfaces'.
TpTrace Information: 0 : 16644, 1, 2022/05/18, 13:48:07.930, 684227155130, vstest.console.dll, AssemblyResolver.OnResolve: Microsoft.Bcl.AsyncInterfaces: Resolving assembly.
TpTrace Information: 0 : 16644, 1, 2022/05/18, 13:48:07.930, 684227155633, vstest.console.dll, AssemblyResolver.OnResolve: Microsoft.Bcl.AsyncInterfaces: Resolved from cache.
TpTrace Verbose: 0 : 16644, 1, 2022/05/18, 13:48:07.930, 684227156025, vstest.console.dll, CurrentDomainAssemblyResolve: Resolving assembly 'Microsoft.Bcl.AsyncInterfaces'.
TpTrace Verbose: 0 : 16644, 1, 2022/05/18, 13:48:07.930, 684227157205, vstest.console.dll, CurrentDomainAssemblyResolve: Failed to resolve assembly 'Microsoft.Bcl.AsyncInterfaces'.
TpTrace Verbose: 0 : 16644, 1, 2022/05/18, 13:48:07.931, 684227161766, vstest.console.dll, CurrentDomainAssemblyResolve: Failed to resolve assembly 'Microsoft.Bcl.AsyncInterfaces'.
TpTrace Warning: 0 : 16644, 1, 2022/05/18, 13:48:07.954, 684227394452, vstest.console.dll, TestPluginDiscoverer: Failed to get types from assembly 'Microsoft.Diagnostics.NETCore.Client, Version=0.2.5.801, Culture=neutral, PublicKeyToken=31bf3856ad364e35'.  Skipping test extension scan for this assembly.  Error: System.Reflection.ReflectionTypeLoadException: Unable to load one or more of the requested types.
Could not load file or assembly 'Microsoft.Bcl.AsyncInterfaces, Version=1.0.0.0, Culture=neutral, PublicKeyToken=cc7b13ffcd2ddd51'. The system cannot find the file specified.
   at System.Reflection.RuntimeModule.GetTypes(RuntimeModule module)
   at System.Reflection.Assembly.GetTypes()
   at Microsoft.VisualStudio.TestPlatform.Common.ExtensionFramework.TestPluginDiscoverer.GetTestExtensionsFromAssembly[TPluginInfo,TExtension](Assembly assembly, Dictionary`2 pluginInfos)
System.IO.FileNotFoundException: Could not load file or assembly 'Microsoft.Bcl.AsyncInterfaces, Version=1.0.0.0, Culture=neutral, PublicKeyToken=cc7b13ffcd2ddd51'. The system cannot find the file specified.
File name: 'Microsoft.Bcl.AsyncInterfaces, Version=1.0.0.0, Culture=neutral, PublicKeyToken=cc7b13ffcd2ddd51'
 ---> System.IO.FileNotFoundException: Could not load file or assembly 'Microsoft.Bcl.AsyncInterfaces, Culture=neutral, PublicKeyToken=null'. The system cannot find the file specified.
File name: 'Microsoft.Bcl.AsyncInterfaces, Culture=neutral, PublicKeyToken=null'
   at System.Reflection.RuntimeAssembly.InternalLoad(ObjectHandleOnStack assemblyName, ObjectHandleOnStack requestingAssembly, StackCrawlMarkHandle stackMark, Boolean throwOnFileNotFound, ObjectHandleOnStack assemblyLoadContext, ObjectHandleOnStack retAssembly)
   at System.Reflection.RuntimeAssembly.InternalLoad(AssemblyName assemblyName, RuntimeAssembly requestingAssembly, StackCrawlMark& stackMark, Boolean throwOnFileNotFound, AssemblyLoadContext assemblyLoadContext)
   at System.Reflection.Assembly.Load(AssemblyName assemblyRef)
   at Microsoft.VisualStudio.TestPlatform.Common.ExtensionFramework.TestPluginCache.CurrentDomainAssemblyResolve(Object sender, AssemblyResolveEventArgs args)
   at Microsoft.VisualStudio.TestPlatform.PlatformAbstractions.PlatformAssemblyResolver.AssemblyResolverEvent(Object sender, Object eventArgs)
   at System.Runtime.Loader.AssemblyLoadContext.GetFirstResolvedAssemblyFromResolvingEvent(AssemblyName assemblyName)
   at System.Runtime.Loader.AssemblyLoadContext.ResolveUsingEvent(AssemblyName assemblyName)
   at System.Runtime.Loader.AssemblyLoadContext.ResolveUsingResolvingEvent(IntPtr gchManagedAssemblyLoadContext, AssemblyName assemblyName)
TpTrace Warning: 0 : 16644, 1, 2022/05/18, 13:48:07.954, 684227396751, vstest.console.dll, LoaderExceptions: System.IO.FileNotFoundException: Could not load file or assembly 'Microsoft.Bcl.AsyncInterfaces, Version=1.0.0.0, Culture=neutral, PublicKeyToken=cc7b13ffcd2ddd51'. The system cannot find the file specified.
File name: 'Microsoft.Bcl.AsyncInterfaces, Version=1.0.0.0, Culture=neutral, PublicKeyToken=cc7b13ffcd2ddd51'
 ---> System.IO.FileNotFoundException: Could not load file or assembly 'Microsoft.Bcl.AsyncInterfaces, Culture=neutral, PublicKeyToken=null'. The system cannot find the file specified.
File name: 'Microsoft.Bcl.AsyncInterfaces, Culture=neutral, PublicKeyToken=null'
   at System.Reflection.RuntimeAssembly.InternalLoad(ObjectHandleOnStack assemblyName, ObjectHandleOnStack requestingAssembly, StackCrawlMarkHandle stackMark, Boolean throwOnFileNotFound, ObjectHandleOnStack assemblyLoadContext, ObjectHandleOnStack retAssembly)
   at System.Reflection.RuntimeAssembly.InternalLoad(AssemblyName assemblyName, RuntimeAssembly requestingAssembly, StackCrawlMark& stackMark, Boolean throwOnFileNotFound, AssemblyLoadContext assemblyLoadContext)
   at System.Reflection.Assembly.Load(AssemblyName assemblyRef)
   at Microsoft.VisualStudio.TestPlatform.Common.ExtensionFramework.TestPluginCache.CurrentDomainAssemblyResolve(Object sender, AssemblyResolveEventArgs args)
   at Microsoft.VisualStudio.TestPlatform.PlatformAbstractions.PlatformAssemblyResolver.AssemblyResolverEvent(Object sender, Object eventArgs)
   at System.Runtime.Loader.AssemblyLoadContext.GetFirstResolvedAssemblyFromResolvingEvent(AssemblyName assemblyName)
   at System.Runtime.Loader.AssemblyLoadContext.ResolveUsingEvent(AssemblyName assemblyName)
   at System.Runtime.Loader.AssemblyLoadContext.ResolveUsingResolvingEvent(IntPtr gchManagedAssemblyLoadContext, AssemblyName assemblyName)
TpTrace Information: 0 : 16644, 1, 2022/05/18, 13:48:07.954, 684227397961, vstest.console.dll, AssemblyResolver.OnResolve: Microsoft.TestPlatform.Extensions.BlameDataCollector: Resolving assembly.
TpTrace Information: 0 : 16644, 1, 2022/05/18, 13:48:07.954, 684227398468, vstest.console.dll, AssemblyResolver.OnResolve: Microsoft.TestPlatform.Extensions.BlameDataCollector: Searching in: 'C:\Program Files\dotnet\sdk\6.0.202\Extensions'.
TpTrace Information: 0 : 16644, 1, 2022/05/18, 13:48:07.955, 684227404464, vstest.console.dll, AssemblyResolver.OnResolve: Microsoft.TestPlatform.Extensions.BlameDataCollector: Loading assembly 'C:\Program Files\dotnet\sdk\6.0.202\Extensions\Microsoft.TestPlatform.Extensions.BlameDataCollector.dll'.
TpTrace Information: 0 : 16644, 1, 2022/05/18, 13:48:07.956, 684227412981, vstest.console.dll, AssemblyResolver.OnResolve: Resolved assembly: Microsoft.TestPlatform.Extensions.BlameDataCollector, from path: C:\Program Files\dotnet\sdk\6.0.202\Extensions\Microsoft.TestPlatform.Extensions.BlameDataCollector.dll
TpTrace Information: 0 : 16644, 1, 2022/05/18, 13:48:07.956, 684227420650, vstest.console.dll, AssemblyResolver.OnResolve: Microsoft.TestPlatform.Extensions.EventLogCollector: Resolving assembly.
TpTrace Information: 0 : 16644, 1, 2022/05/18, 13:48:07.957, 684227421407, vstest.console.dll, AssemblyResolver.OnResolve: Microsoft.TestPlatform.Extensions.EventLogCollector: Searching in: 'C:\Program Files\dotnet\sdk\6.0.202\Extensions'.
TpTrace Information: 0 : 16644, 1, 2022/05/18, 13:48:07.957, 684227428727, vstest.console.dll, AssemblyResolver.OnResolve: Microsoft.TestPlatform.Extensions.EventLogCollector: Loading assembly 'C:\Program Files\dotnet\sdk\6.0.202\Extensions\Microsoft.TestPlatform.Extensions.EventLogCollector.dll'.
TpTrace Information: 0 : 16644, 1, 2022/05/18, 13:48:07.958, 684227438538, vstest.console.dll, AssemblyResolver.OnResolve: Resolved assembly: Microsoft.TestPlatform.Extensions.EventLogCollector, from path: C:\Program Files\dotnet\sdk\6.0.202\Extensions\Microsoft.TestPlatform.Extensions.EventLogCollector.dll
TpTrace Information: 0 : 16644, 1, 2022/05/18, 13:48:07.962, 684227472132, vstest.console.dll, AssemblyResolver.OnResolve: Microsoft.TestPlatform.TestHostRuntimeProvider: Resolving assembly.
TpTrace Information: 0 : 16644, 1, 2022/05/18, 13:48:07.962, 684227473717, vstest.console.dll, AssemblyResolver.OnResolve: Microsoft.TestPlatform.TestHostRuntimeProvider: Searching in: 'C:\Program Files\dotnet\sdk\6.0.202\Extensions'.
TpTrace Information: 0 : 16644, 1, 2022/05/18, 13:48:07.963, 684227482236, vstest.console.dll, AssemblyResolver.OnResolve: Microsoft.TestPlatform.TestHostRuntimeProvider: Loading assembly 'C:\Program Files\dotnet\sdk\6.0.202\Extensions\Microsoft.TestPlatform.TestHostRuntimeProvider.dll'.
TpTrace Information: 0 : 16644, 1, 2022/05/18, 13:48:07.964, 684227492073, vstest.console.dll, AssemblyResolver.OnResolve: Resolved assembly: Microsoft.TestPlatform.TestHostRuntimeProvider, from path: C:\Program Files\dotnet\sdk\6.0.202\Extensions\Microsoft.TestPlatform.TestHostRuntimeProvider.dll
TpTrace Information: 0 : 16644, 1, 2022/05/18, 13:48:07.966, 684227516474, vstest.console.dll, AssemblyResolver.OnResolve: Microsoft.VisualStudio.TestPlatform.Extensions.Html.TestLogger: Resolving assembly.
TpTrace Information: 0 : 16644, 1, 2022/05/18, 13:48:07.966, 684227518055, vstest.console.dll, AssemblyResolver.OnResolve: Microsoft.VisualStudio.TestPlatform.Extensions.Html.TestLogger: Searching in: 'C:\Program Files\dotnet\sdk\6.0.202\Extensions'.
TpTrace Information: 0 : 16644, 1, 2022/05/18, 13:48:07.967, 684227525352, vstest.console.dll, AssemblyResolver.OnResolve: Microsoft.VisualStudio.TestPlatform.Extensions.Html.TestLogger: Loading assembly 'C:\Program Files\dotnet\sdk\6.0.202\Extensions\Microsoft.VisualStudio.TestPlatform.Extensions.Html.TestLogger.dll'.
TpTrace Information: 0 : 16644, 1, 2022/05/18, 13:48:07.968, 684227532212, vstest.console.dll, AssemblyResolver.OnResolve: Resolved assembly: Microsoft.VisualStudio.TestPlatform.Extensions.Html.TestLogger, from path: C:\Program Files\dotnet\sdk\6.0.202\Extensions\Microsoft.VisualStudio.TestPlatform.Extensions.Html.TestLogger.dll
TpTrace Information: 0 : 16644, 1, 2022/05/18, 13:48:07.968, 684227538485, vstest.console.dll, AssemblyResolver.OnResolve: Microsoft.VisualStudio.TestPlatform.Extensions.Trx.TestLogger: Resolving assembly.
TpTrace Information: 0 : 16644, 1, 2022/05/18, 13:48:07.968, 684227539479, vstest.console.dll, AssemblyResolver.OnResolve: Microsoft.VisualStudio.TestPlatform.Extensions.Trx.TestLogger: Searching in: 'C:\Program Files\dotnet\sdk\6.0.202\Extensions'.
TpTrace Information: 0 : 16644, 1, 2022/05/18, 13:48:07.969, 684227546082, vstest.console.dll, AssemblyResolver.OnResolve: Microsoft.VisualStudio.TestPlatform.Extensions.Trx.TestLogger: Loading assembly 'C:\Program Files\dotnet\sdk\6.0.202\Extensions\Microsoft.VisualStudio.TestPlatform.Extensions.Trx.TestLogger.dll'.
TpTrace Information: 0 : 16644, 1, 2022/05/18, 13:48:07.970, 684227555331, vstest.console.dll, AssemblyResolver.OnResolve: Resolved assembly: Microsoft.VisualStudio.TestPlatform.Extensions.Trx.TestLogger, from path: C:\Program Files\dotnet\sdk\6.0.202\Extensions\Microsoft.VisualStudio.TestPlatform.Extensions.Trx.TestLogger.dll
TpTrace Verbose: 0 : 16644, 1, 2022/05/18, 13:48:07.971, 684227565797, vstest.console.dll, TestPluginCache: Discovered the extensions using extension path ''.
TpTrace Verbose: 0 : 16644, 1, 2022/05/18, 13:48:07.971, 684227567241, vstest.console.dll, TestPluginCache: Discoverers are ''.
TpTrace Verbose: 0 : 16644, 1, 2022/05/18, 13:48:07.971, 684227567669, vstest.console.dll, TestPluginCache: Executors are ''.
TpTrace Verbose: 0 : 16644, 1, 2022/05/18, 13:48:07.971, 684227568000, vstest.console.dll, TestPluginCache: Executors2 are ''.
TpTrace Verbose: 0 : 16644, 1, 2022/05/18, 13:48:07.971, 684227568317, vstest.console.dll, TestPluginCache: Setting providers are ''.
TpTrace Verbose: 0 : 16644, 1, 2022/05/18, 13:48:07.971, 684227568627, vstest.console.dll, TestPluginCache: Loggers are ''.
TpTrace Information: 0 : 16644, 1, 2022/05/18, 13:48:07.984, 684227696202, vstest.console.dll, RunTestsArgumentProcessor:Execute: Test run is starting.
TpTrace Verbose: 0 : 16644, 1, 2022/05/18, 13:48:07.984, 684227697959, vstest.console.dll, RunTestsArgumentProcessor:Execute: Queuing Test run.
TpTrace Information: 0 : 16644, 1, 2022/05/18, 13:48:07.985, 684227701885, vstest.console.dll, TestRequestManager.RunTests: run tests started.
TpTrace Information: 0 : 16644, 1, 2022/05/18, 13:48:07.989, 684227742995, vstest.console.dll, AssemblyMetadataProvider.GetFrameWork: Determined framework:'.NETCoreApp,Version=v6.0' for source: 'C:\Users\Oleg\Desktop\SeleniumWebDriverDemo\SeleniumWebDriverTests\bin\Debug\net6.0\fine-code-coverage\build-output\SeleniumWebDriverTests.dll'
TpTrace Information: 0 : 16644, 1, 2022/05/18, 13:48:07.989, 684227744950, vstest.console.dll, Determined framework for all sources: .NETCoreApp,Version=v6.0
TpTrace Verbose: 0 : 16644, 1, 2022/05/18, 13:48:07.989, 684227748872, vstest.console.dll, Default architecture: X64 IsDefaultTargetArchitecture: True
TpTrace Information: 0 : 16644, 1, 2022/05/18, 13:48:07.990, 684227752901, vstest.console.dll, AssemblyMetadataProvider.GetArchitecture: Determined architecture:AnyCPU info for assembly: C:\Users\Oleg\Desktop\SeleniumWebDriverDemo\SeleniumWebDriverTests\bin\Debug\net6.0\fine-code-coverage\build-output\SeleniumWebDriverTests.dll
TpTrace Information: 0 : 16644, 1, 2022/05/18, 13:48:07.990, 684227753842, vstest.console.dll, Determined platform for source 'C:\Users\Oleg\Desktop\SeleniumWebDriverDemo\SeleniumWebDriverTests\bin\Debug\net6.0\fine-code-coverage\build-output\SeleniumWebDriverTests.dll' is 'AnyCPU'
TpTrace Information: 0 : 16644, 1, 2022/05/18, 13:48:07.992, 684227774645, vstest.console.dll, Determined platform for all sources: X64
TpTrace Information: 0 : 16644, 1, 2022/05/18, 13:48:07.992, 684227775738, vstest.console.dll, Infered platform 'X64'.
TpTrace Information: 0 : 16644, 1, 2022/05/18, 13:48:07.992, 684227776194, vstest.console.dll, Platform update to 'X64' required.
TpTrace Information: 0 : 16644, 1, 2022/05/18, 13:48:07.996, 684227813525, vstest.console.dll, Compatible sources list : 
TpTrace Information: 0 : 16644, 1, 2022/05/18, 13:48:07.996, 684227814720, vstest.console.dll, C:\Users\Oleg\Desktop\SeleniumWebDriverDemo\SeleniumWebDriverTests\bin\Debug\net6.0\fine-code-coverage\build-output\SeleniumWebDriverTests.dll
TpTrace Information: 0 : 16644, 1, 2022/05/18, 13:48:07.999, 684227844908, vstest.console.dll, InferRunSettingsHelper.IsTestSettingsEnabled: Unable to navigate to RunSettings/MSTest. Current node: RunSettings
TpTrace Information: 0 : 16644, 1, 2022/05/18, 13:48:08.000, 684227853553, vstest.console.dll, AssemblyResolver.OnResolve: Microsoft.VisualStudio.TestPlatform.Fakes: Resolving assembly.
TpTrace Information: 0 : 16644, 1, 2022/05/18, 13:48:08.000, 684227854470, vstest.console.dll, AssemblyResolver.OnResolve: Microsoft.VisualStudio.TestPlatform.Fakes: Searching in: 'C:\Program Files\dotnet\sdk\6.0.202\Extensions'.
TpTrace Information: 0 : 16644, 1, 2022/05/18, 13:48:08.000, 684227855870, vstest.console.dll, AssemblyResolver.OnResolve: Microsoft.VisualStudio.TestPlatform.Fakes: Assembly path does not exist: 'C:\Program Files\dotnet\sdk\6.0.202\Extensions\Microsoft.VisualStudio.TestPlatform.Fakes.dll', returning.
TpTrace Information: 0 : 16644, 1, 2022/05/18, 13:48:08.000, 684227856858, vstest.console.dll, AssemblyResolver.OnResolve: Microsoft.VisualStudio.TestPlatform.Fakes: Assembly path does not exist: 'C:\Program Files\dotnet\sdk\6.0.202\Extensions\Microsoft.VisualStudio.TestPlatform.Fakes.exe', returning.
TpTrace Information: 0 : 16644, 1, 2022/05/18, 13:48:08.000, 684227857248, vstest.console.dll, AssemblyResolver.OnResolve: Microsoft.VisualStudio.TestPlatform.Fakes: Searching in: 'C:\Program Files\dotnet\sdk\6.0.202'.
TpTrace Information: 0 : 16644, 1, 2022/05/18, 13:48:08.000, 684227858249, vstest.console.dll, AssemblyResolver.OnResolve: Microsoft.VisualStudio.TestPlatform.Fakes: Assembly path does not exist: 'C:\Program Files\dotnet\sdk\6.0.202\Microsoft.VisualStudio.TestPlatform.Fakes.dll', returning.
TpTrace Information: 0 : 16644, 1, 2022/05/18, 13:48:08.000, 684227859179, vstest.console.dll, AssemblyResolver.OnResolve: Microsoft.VisualStudio.TestPlatform.Fakes: Assembly path does not exist: 'C:\Program Files\dotnet\sdk\6.0.202\Microsoft.VisualStudio.TestPlatform.Fakes.exe', returning.
TpTrace Information: 0 : 16644, 1, 2022/05/18, 13:48:08.000, 684227859555, vstest.console.dll, AssemblyResolver.OnResolve: Microsoft.VisualStudio.TestPlatform.Fakes: Failed to load assembly.
TpTrace Information: 0 : 16644, 1, 2022/05/18, 13:48:08.001, 684227862458, vstest.console.dll, Failed to load assembly Microsoft.VisualStudio.TestPlatform.Fakes, Version=17.0.0.0, Culture=neutral. Reason:System.IO.FileNotFoundException: Could not load file or assembly 'Microsoft.VisualStudio.TestPlatform.Fakes, Version=17.0.0.0, Culture=neutral, PublicKeyToken=null'. The system cannot find the file specified.
File name: 'Microsoft.VisualStudio.TestPlatform.Fakes, Version=17.0.0.0, Culture=neutral, PublicKeyToken=null'
   at System.Reflection.RuntimeAssembly.InternalLoad(ObjectHandleOnStack assemblyName, ObjectHandleOnStack requestingAssembly, StackCrawlMarkHandle stackMark, Boolean throwOnFileNotFound, ObjectHandleOnStack assemblyLoadContext, ObjectHandleOnStack retAssembly)
   at System.Reflection.RuntimeAssembly.InternalLoad(AssemblyName assemblyName, RuntimeAssembly requestingAssembly, StackCrawlMark& stackMark, Boolean throwOnFileNotFound, AssemblyLoadContext assemblyLoadContext)
   at System.Reflection.Assembly.Load(AssemblyName assemblyRef)
   at Microsoft.VisualStudio.TestPlatform.Common.Utilities.FakesUtilities.LoadTestPlatformAssembly()
TpTrace Verbose: 0 : 16644, 1, 2022/05/18, 13:48:08.005, 684227909849, vstest.console.dll, TestPluginCache.DiscoverTestExtensions: finding test extensions in assemblies ends with: TestLogger.dll TPluginInfo: Microsoft.VisualStudio.TestPlatform.Common.ExtensionFramework.Utilities.TestLoggerPluginInformation TExtension: Microsoft.VisualStudio.TestPlatform.ObjectModel.Client.ITestLogger
TpTrace Verbose: 0 : 16644, 1, 2022/05/18, 13:48:08.006, 684227911639, vstest.console.dll, TestPluginCache.GetExtensionPaths: Filtered extension paths: 
TpTrace Verbose: 0 : 16644, 1, 2022/05/18, 13:48:08.006, 684227912454, vstest.console.dll, TestPluginCache.GetExtensionPaths: Added default extension paths: C:\Program Files\dotnet\sdk\6.0.202\Extensions\DumpMinitool.exe
C:\Program Files\dotnet\sdk\6.0.202\Extensions\DumpMinitool.x86.exe
C:\Program Files\dotnet\sdk\6.0.202\Extensions\Microsoft.Diagnostics.NETCore.Client.dll
C:\Program Files\dotnet\sdk\6.0.202\Extensions\Microsoft.TestPlatform.Extensions.BlameDataCollector.dll
C:\Program Files\dotnet\sdk\6.0.202\Extensions\Microsoft.TestPlatform.Extensions.EventLogCollector.dll
C:\Program Files\dotnet\sdk\6.0.202\Extensions\Microsoft.TestPlatform.TestHostRuntimeProvider.dll
C:\Program Files\dotnet\sdk\6.0.202\Extensions\Microsoft.VisualStudio.TestPlatform.Extensions.Html.TestLogger.dll
C:\Program Files\dotnet\sdk\6.0.202\Extensions\Microsoft.VisualStudio.TestPlatform.Extensions.Trx.TestLogger.dll
TpTrace Verbose: 0 : 16644, 1, 2022/05/18, 13:48:08.006, 684227913230, vstest.console.dll, TestPluginCache.GetExtensionPaths: Added unfilterableExtensionPaths: 
TpTrace Information: 0 : 16644, 1, 2022/05/18, 13:48:08.006, 684227916066, vstest.console.dll, AssemblyResolver.AddSearchDirectories: Adding more searchDirectories C:\Program Files\dotnet\sdk\6.0.202\Extensions,C:\Program Files\dotnet\sdk\6.0.202
TpTrace Verbose: 0 : 16644, 1, 2022/05/18, 13:48:08.006, 684227916872, vstest.console.dll, TestPluginCache.DiscoverTestExtensions: Discovering the extensions using extension path.
TpTrace Verbose: 0 : 16644, 1, 2022/05/18, 13:48:08.006, 684227917718, vstest.console.dll, TestPluginCache.GetExtensionPaths: Filtered extension paths: 
TpTrace Verbose: 0 : 16644, 1, 2022/05/18, 13:48:08.006, 684227918367, vstest.console.dll, TestPluginCache.GetExtensionPaths: Added default extension paths: C:\Program Files\dotnet\sdk\6.0.202\Extensions\DumpMinitool.exe
C:\Program Files\dotnet\sdk\6.0.202\Extensions\DumpMinitool.x86.exe
C:\Program Files\dotnet\sdk\6.0.202\Extensions\Microsoft.Diagnostics.NETCore.Client.dll
C:\Program Files\dotnet\sdk\6.0.202\Extensions\Microsoft.TestPlatform.Extensions.BlameDataCollector.dll
C:\Program Files\dotnet\sdk\6.0.202\Extensions\Microsoft.TestPlatform.Extensions.EventLogCollector.dll
C:\Program Files\dotnet\sdk\6.0.202\Extensions\Microsoft.TestPlatform.TestHostRuntimeProvider.dll
C:\Program Files\dotnet\sdk\6.0.202\Extensions\Microsoft.VisualStudio.TestPlatform.Extensions.Html.TestLogger.dll
C:\Program Files\dotnet\sdk\6.0.202\Extensions\Microsoft.VisualStudio.TestPlatform.Extensions.Trx.TestLogger.dll
TpTrace Verbose: 0 : 16644, 1, 2022/05/18, 13:48:08.006, 684227919093, vstest.console.dll, TestPluginCache.GetExtensionPaths: Added unfilterableExtensionPaths: 
TpTrace Verbose: 0 : 16644, 1, 2022/05/18, 13:48:08.006, 684227919680, vstest.console.dll, TestPluginCache.DiscoverTestExtensions: Discovering the extensions using allExtensionPaths: C:\Program Files\dotnet\sdk\6.0.202\Extensions\DumpMinitool.exe
C:\Program Files\dotnet\sdk\6.0.202\Extensions\DumpMinitool.x86.exe
C:\Program Files\dotnet\sdk\6.0.202\Extensions\Microsoft.Diagnostics.NETCore.Client.dll
C:\Program Files\dotnet\sdk\6.0.202\Extensions\Microsoft.TestPlatform.Extensions.BlameDataCollector.dll
C:\Program Files\dotnet\sdk\6.0.202\Extensions\Microsoft.TestPlatform.Extensions.EventLogCollector.dll
C:\Program Files\dotnet\sdk\6.0.202\Extensions\Microsoft.TestPlatform.TestHostRuntimeProvider.dll
C:\Program Files\dotnet\sdk\6.0.202\Extensions\Microsoft.VisualStudio.TestPlatform.Extensions.Html.TestLogger.dll
C:\Program Files\dotnet\sdk\6.0.202\Extensions\Microsoft.VisualStudio.TestPlatform.Extensions.Trx.TestLogger.dll
TpTrace Information: 0 : 16644, 1, 2022/05/18, 13:48:08.007, 684227921027, vstest.console.dll, AssemblyResolver.AddSearchDirectories: Adding more searchDirectories C:\Program Files\dotnet\sdk\6.0.202\Extensions,C:\Program Files\dotnet\sdk\6.0.202
TpTrace Information: 0 : 16644, 1, 2022/05/18, 13:48:08.007, 684227921506, vstest.console.dll, AssemblyResolver.AddSearchDirectories: Adding more searchDirectories C:\Program Files\dotnet\sdk\6.0.202\Extensions,C:\Program Files\dotnet\sdk\6.0.202
TpTrace Information: 0 : 16644, 1, 2022/05/18, 13:48:08.007, 684227921895, vstest.console.dll, AssemblyResolver.AddSearchDirectories: Adding more searchDirectories C:\Program Files\dotnet\sdk\6.0.202\Extensions,C:\Program Files\dotnet\sdk\6.0.202
TpTrace Information: 0 : 16644, 1, 2022/05/18, 13:48:08.007, 684227922349, vstest.console.dll, AssemblyResolver.AddSearchDirectories: Adding more searchDirectories C:\Program Files\dotnet\sdk\6.0.202\Extensions,C:\Program Files\dotnet\sdk\6.0.202
TpTrace Information: 0 : 16644, 1, 2022/05/18, 13:48:08.007, 684227922725, vstest.console.dll, AssemblyResolver.AddSearchDirectories: Adding more searchDirectories C:\Program Files\dotnet\sdk\6.0.202\Extensions,C:\Program Files\dotnet\sdk\6.0.202
TpTrace Information: 0 : 16644, 1, 2022/05/18, 13:48:08.007, 684227923097, vstest.console.dll, AssemblyResolver.AddSearchDirectories: Adding more searchDirectories C:\Program Files\dotnet\sdk\6.0.202\Extensions,C:\Program Files\dotnet\sdk\6.0.202
TpTrace Information: 0 : 16644, 1, 2022/05/18, 13:48:08.007, 684227923512, vstest.console.dll, AssemblyResolver.AddSearchDirectories: Adding more searchDirectories C:\Program Files\dotnet\sdk\6.0.202\Extensions,C:\Program Files\dotnet\sdk\6.0.202
TpTrace Information: 0 : 16644, 1, 2022/05/18, 13:48:08.007, 684227923893, vstest.console.dll, AssemblyResolver.AddSearchDirectories: Adding more searchDirectories C:\Program Files\dotnet\sdk\6.0.202\Extensions,C:\Program Files\dotnet\sdk\6.0.202
TpTrace Information: 0 : 16644, 1, 2022/05/18, 13:48:08.008, 684227940875, vstest.console.dll, AssemblyResolver.OnResolve: Microsoft.Bcl.AsyncInterfaces: Resolving assembly.
TpTrace Information: 0 : 16644, 1, 2022/05/18, 13:48:08.009, 684227941474, vstest.console.dll, AssemblyResolver.OnResolve: Microsoft.Bcl.AsyncInterfaces: Resolved from cache.
TpTrace Verbose: 0 : 16644, 1, 2022/05/18, 13:48:08.009, 684227941924, vstest.console.dll, CurrentDomainAssemblyResolve: Resolving assembly 'Microsoft.Bcl.AsyncInterfaces'.
TpTrace Information: 0 : 16644, 1, 2022/05/18, 13:48:08.009, 684227942472, vstest.console.dll, AssemblyResolver.OnResolve: Microsoft.Bcl.AsyncInterfaces: Resolving assembly.
TpTrace Information: 0 : 16644, 1, 2022/05/18, 13:48:08.009, 684227942858, vstest.console.dll, AssemblyResolver.OnResolve: Microsoft.Bcl.AsyncInterfaces: Resolved from cache.
TpTrace Verbose: 0 : 16644, 1, 2022/05/18, 13:48:08.009, 684227943275, vstest.console.dll, CurrentDomainAssemblyResolve: Resolving assembly 'Microsoft.Bcl.AsyncInterfaces'.
TpTrace Verbose: 0 : 16644, 1, 2022/05/18, 13:48:08.009, 684227943618, vstest.console.dll, CurrentDomainAssemblyResolve: Failed to resolve assembly 'Microsoft.Bcl.AsyncInterfaces'.
TpTrace Verbose: 0 : 16644, 1, 2022/05/18, 13:48:08.009, 684227945206, vstest.console.dll, CurrentDomainAssemblyResolve: Failed to resolve assembly 'Microsoft.Bcl.AsyncInterfaces'.
TpTrace Warning: 0 : 16644, 1, 2022/05/18, 13:48:08.010, 684227956864, vstest.console.dll, TestPluginDiscoverer: Failed to get types from assembly 'Microsoft.Diagnostics.NETCore.Client, Version=0.2.5.801, Culture=neutral, PublicKeyToken=31bf3856ad364e35'.  Skipping test extension scan for this assembly.  Error: System.Reflection.ReflectionTypeLoadException: Unable to load one or more of the requested types.
Could not load file or assembly 'Microsoft.Bcl.AsyncInterfaces, Version=1.0.0.0, Culture=neutral, PublicKeyToken=cc7b13ffcd2ddd51'. The system cannot find the file specified.
   at System.Reflection.RuntimeModule.GetTypes(RuntimeModule module)
   at System.Reflection.Assembly.GetTypes()
   at Microsoft.VisualStudio.TestPlatform.Common.ExtensionFramework.TestPluginDiscoverer.GetTestExtensionsFromAssembly[TPluginInfo,TExtension](Assembly assembly, Dictionary`2 pluginInfos)
System.IO.FileNotFoundException: Could not load file or assembly 'Microsoft.Bcl.AsyncInterfaces, Version=1.0.0.0, Culture=neutral, PublicKeyToken=cc7b13ffcd2ddd51'. The system cannot find the file specified.
File name: 'Microsoft.Bcl.AsyncInterfaces, Version=1.0.0.0, Culture=neutral, PublicKeyToken=cc7b13ffcd2ddd51'
 ---> System.IO.FileNotFoundException: Could not load file or assembly 'Microsoft.Bcl.AsyncInterfaces, Culture=neutral, PublicKeyToken=null'. The system cannot find the file specified.
File name: 'Microsoft.Bcl.AsyncInterfaces, Culture=neutral, PublicKeyToken=null'
   at System.Reflection.RuntimeAssembly.InternalLoad(ObjectHandleOnStack assemblyName, ObjectHandleOnStack requestingAssembly, StackCrawlMarkHandle stackMark, Boolean throwOnFileNotFound, ObjectHandleOnStack assemblyLoadContext, ObjectHandleOnStack retAssembly)
   at System.Reflection.RuntimeAssembly.InternalLoad(AssemblyName assemblyName, RuntimeAssembly requestingAssembly, StackCrawlMark& stackMark, Boolean throwOnFileNotFound, AssemblyLoadContext assemblyLoadContext)
   at System.Reflection.Assembly.Load(AssemblyName assemblyRef)
   at Microsoft.VisualStudio.TestPlatform.Common.ExtensionFramework.TestPluginCache.CurrentDomainAssemblyResolve(Object sender, AssemblyResolveEventArgs args)
   at Microsoft.VisualStudio.TestPlatform.PlatformAbstractions.PlatformAssemblyResolver.AssemblyResolverEvent(Object sender, Object eventArgs)
   at System.Runtime.Loader.AssemblyLoadContext.GetFirstResolvedAssemblyFromResolvingEvent(AssemblyName assemblyName)
   at System.Runtime.Loader.AssemblyLoadContext.ResolveUsingEvent(AssemblyName assemblyName)
   at System.Runtime.Loader.AssemblyLoadContext.ResolveUsingResolvingEvent(IntPtr gchManagedAssemblyLoadContext, AssemblyName assemblyName)
TpTrace Warning: 0 : 16644, 1, 2022/05/18, 13:48:08.010, 684227960643, vstest.console.dll, LoaderExceptions: System.IO.FileNotFoundException: Could not load file or assembly 'Microsoft.Bcl.AsyncInterfaces, Version=1.0.0.0, Culture=neutral, PublicKeyToken=cc7b13ffcd2ddd51'. The system cannot find the file specified.
File name: 'Microsoft.Bcl.AsyncInterfaces, Version=1.0.0.0, Culture=neutral, PublicKeyToken=cc7b13ffcd2ddd51'
 ---> System.IO.FileNotFoundException: Could not load file or assembly 'Microsoft.Bcl.AsyncInterfaces, Culture=neutral, PublicKeyToken=null'. The system cannot find the file specified.
File name: 'Microsoft.Bcl.AsyncInterfaces, Culture=neutral, PublicKeyToken=null'
   at System.Reflection.RuntimeAssembly.InternalLoad(ObjectHandleOnStack assemblyName, ObjectHandleOnStack requestingAssembly, StackCrawlMarkHandle stackMark, Boolean throwOnFileNotFound, ObjectHandleOnStack assemblyLoadContext, ObjectHandleOnStack retAssembly)
   at System.Reflection.RuntimeAssembly.InternalLoad(AssemblyName assemblyName, RuntimeAssembly requestingAssembly, StackCrawlMark& stackMark, Boolean throwOnFileNotFound, AssemblyLoadContext assemblyLoadContext)
   at System.Reflection.Assembly.Load(AssemblyName assemblyRef)
   at Microsoft.VisualStudio.TestPlatform.Common.ExtensionFramework.TestPluginCache.CurrentDomainAssemblyResolve(Object sender, AssemblyResolveEventArgs args)
   at Microsoft.VisualStudio.TestPlatform.PlatformAbstractions.PlatformAssemblyResolver.AssemblyResolverEvent(Object sender, Object eventArgs)
   at System.Runtime.Loader.AssemblyLoadContext.GetFirstResolvedAssemblyFromResolvingEvent(AssemblyName assemblyName)
   at System.Runtime.Loader.AssemblyLoadContext.ResolveUsingEvent(AssemblyName assemblyName)
   at System.Runtime.Loader.AssemblyLoadContext.ResolveUsingResolvingEvent(IntPtr gchManagedAssemblyLoadContext, AssemblyName assemblyName)
TpTrace Verbose: 0 : 16644, 1, 2022/05/18, 13:48:08.012, 684227972049, vstest.console.dll, TestPluginCache: Discovered the extensions using extension path ''.
TpTrace Verbose: 0 : 16644, 1, 2022/05/18, 13:48:08.012, 684227973092, vstest.console.dll, TestPluginCache: Discoverers are ''.
TpTrace Verbose: 0 : 16644, 1, 2022/05/18, 13:48:08.012, 684227973453, vstest.console.dll, TestPluginCache: Executors are ''.
TpTrace Verbose: 0 : 16644, 1, 2022/05/18, 13:48:08.012, 684227973780, vstest.console.dll, TestPluginCache: Executors2 are ''.
TpTrace Verbose: 0 : 16644, 1, 2022/05/18, 13:48:08.012, 684227974094, vstest.console.dll, TestPluginCache: Setting providers are ''.
TpTrace Verbose: 0 : 16644, 1, 2022/05/18, 13:48:08.012, 684227975049, vstest.console.dll, TestPluginCache: Loggers are 'logger://Microsoft/TestPlatform/Extensions/Blame/v1,logger://Microsoft/TestPlatform/HtmlLogger/v1,logger://Microsoft/TestPlatform/TrxLogger/v1'.
TpTrace Information: 0 : 16644, 1, 2022/05/18, 13:48:08.013, 684227982842, vstest.console.dll, TestPluginManager.CreateTestExtension: Attempting to load test extension: Microsoft.TestPlatform.Extensions.BlameDataCollector.BlameLogger
TpTrace Information: 0 : 16644, 1, 2022/05/18, 13:48:08.020, 684228055808, vstest.console.dll, TestPluginManager.CreateTestExtension: Attempting to load test extension: Microsoft.VisualStudio.TestPlatform.CrossPlatEngine.Hosting.DefaultTestHostManager
TpTrace Information: 0 : 16644, 1, 2022/05/18, 13:48:08.022, 684228074177, vstest.console.dll, TestPluginManager.CreateTestExtension: Attempting to load test extension: Microsoft.VisualStudio.TestPlatform.CrossPlatEngine.Hosting.DotnetTestHostManager
TpTrace Verbose: 0 : 16644, 1, 2022/05/18, 13:48:08.023, 684228080905, vstest.console.dll, TestEngine: Initializing Parallel Execution as MaxCpuCount is set to: 1
TpTrace Information: 0 : 16644, 1, 2022/05/18, 13:48:08.023, 684228086161, vstest.console.dll, InferRunSettingsHelper.IsTestSettingsEnabled: Unable to navigate to RunSettings/MSTest. Current node: RunSettings
TpTrace Verbose: 0 : 16644, 1, 2022/05/18, 13:48:08.039, 684228247851, vstest.console.dll, TestRequestSender is acting as server
TpTrace Verbose: 0 : 16644, 5, 2022/05/18, 13:48:08.046, 684228313834, vstest.console.dll, DataCollectionRequestSender.InitializeCommunication : Initialize communication. 
TpTrace Information: 0 : 16644, 5, 2022/05/18, 13:48:08.053, 684228383289, vstest.console.dll, Listening on Endpoint : 127.0.0.1:61498
TpTrace Verbose: 0 : 16644, 5, 2022/05/18, 13:48:08.067, 684228522086, vstest.console.dll, DotnetDataCollectionLauncher: Full path of dotnet.exe is C:\Program Files\dotnet\dotnet.exe
TpTrace Verbose: 0 : 16644, 5, 2022/05/18, 13:48:08.067, 684228524228, vstest.console.dll, DotnetDataCollectionLauncher: Adding  --runtimeconfig "C:\Program Files\dotnet\sdk\6.0.202\datacollector.runtimeconfig.json" in args
TpTrace Verbose: 0 : 16644, 5, 2022/05/18, 13:48:08.067, 684228525182, vstest.console.dll, DotnetDataCollectionLauncher: Adding  --depsfile "C:\Program Files\dotnet\sdk\6.0.202\datacollector.deps.json" in args
TpTrace Information: 0 : 16644, 5, 2022/05/18, 13:48:08.081, 684228662994, vstest.console.dll, ProxyDataCollectionManager.Initialize: Launched datacollector processId: 8136 port: 61498
TpTrace Information: 0 : 16644, 5, 2022/05/18, 13:48:08.081, 684228665138, vstest.console.dll, ProxyDataCollectionManager.Initialize: waiting for connection with timeout: 90 seconds
TpTrace Verbose: 0 : 16644, 5, 2022/05/18, 13:48:08.081, 684228666031, vstest.console.dll, DataCollectionRequestSender.WaitForRequestHandlerConnection : Waiting for connection with timeout: 90000
TpTrace Information: 0 : 16644, 8, 2022/05/18, 13:48:08.238, 684230234497, vstest.console.dll, Using the buffer size of 16384 bytes
TpTrace Verbose: 0 : 16644, 5, 2022/05/18, 13:48:08.238, 684230235337, vstest.console.dll, ProxyDataCollectionManager.InvokeDataCollectionServiceAction: Starting.
TpTrace Information: 0 : 16644, 8, 2022/05/18, 13:48:08.238, 684230235830, vstest.console.dll, Accepted Client request and set the flag
TpTrace Information: 0 : 16644, 5, 2022/05/18, 13:48:08.238, 684230237566, vstest.console.dll, ProxyDataCollectionManager.BeforeTestRunStart: Get environment variable and port for datacollector processId: 8136 port: 61498
TpTrace Verbose: 0 : 16644, 5, 2022/05/18, 13:48:08.238, 684230239447, vstest.console.dll, DataCollectionRequestSender.SendBeforeTestRunStartAndGetResult : Send BeforeTestRunStart message with settingsXml <RunSettings><RunConfiguration><ResultsDirectory>C:\Users\Oleg\Desktop\SeleniumWebDriverDemo\SeleniumWebDriverTests\bin\Debug\net6.0\fine-code-coverage\coverage-tool-output</ResultsDirectory><TargetPlatform>X64</TargetPlatform><TargetFrameworkVersion>.NETCoreApp,Version=v6.0</TargetFrameworkVersion><DesignMode>False</DesignMode><CollectSourceInformation>False</CollectSourceInformation><TestAdaptersPaths>C:\Program Files\dotnet\sdk\6.0.202\Extensions</TestAdaptersPaths></RunConfiguration><LoggerRunSettings><Loggers><Logger friendlyName="blame" enabled="True" /><Logger friendlyName="Console" uri="logger://microsoft/TestPlatform/ConsoleLogger/v1" assemblyQualifiedName="Microsoft.VisualStudio.TestPlatform.CommandLine.Internal.ConsoleLogger, vstest.console, Version=15.0.0.0, Culture=neutral, PublicKeyToken=b03f5f7f11d50a3a" codeBase="C:\Program Files\dotnet\sdk\6.0.202\vstest.console.dll" enabled="True" /></Loggers></LoggerRunSettings><DataCollectionRunSettings><DataCollectors><DataCollector friendlyName="blame" enabled="True"><Configuration><ResultsDirectory>C:\Users\Oleg\Desktop\SeleniumWebDriverDemo\SeleniumWebDriverTests\bin\Debug\net6.0\fine-code-coverage\coverage-tool-output</ResultsDirectory></Configuration></DataCollector></DataCollectors></DataCollectionRunSettings></RunSettings> and sources System.Linq.Enumerable+Concat2Iterator`1[System.String]: 
TpTrace Verbose: 0 : 16644, 5, 2022/05/18, 13:48:08.333, 684231186892, vstest.console.dll, DataCollectionRequestSender.SendBeforeTestRunStartAndGetResult : Received message: (DataCollection.SendMessage) -> {
  "FriendlyName": null,
  "Uri": null,
  "TestCaseId": "00000000-0000-0000-0000-000000000000",
  "Message": "Logging DataCollector Diagnostics in file: C:\\Users\\Oleg\\Desktop\\SeleniumWebDriverDemo\\SeleniumWebDriverTests\\bin\\Debug\\net6.0\\fine-code-coverage\\coverage-tool-output\\diagnostics.datacollector.22-05-18_13-48-08_06236_5.log",
  "Level": 0
}
TpTrace Verbose: 0 : 16644, 5, 2022/05/18, 13:48:08.424, 684232096473, vstest.console.dll, DataCollectionRequestSender.SendBeforeTestRunStartAndGetResult : Received message: (DataCollection.BeforeTestRunStartResult) -> {
  "EnvironmentVariables": {},
  "DataCollectionEventsPort": 61500
}
TpTrace Information: 0 : 16644, 5, 2022/05/18, 13:48:08.432, 684232172803, vstest.console.dll, ProxyDataCollectionManager.BeforeTestRunStart: SendBeforeTestRunStartAndGetResult successful, env variable from datacollector:   and testhost port: 61500
TpTrace Information: 0 : 16644, 5, 2022/05/18, 13:48:08.432, 684232174105, vstest.console.dll, ProxyDataCollectionManager.InvokeDataCollectionServiceAction: Completed.
TpTrace Verbose: 0 : 16644, 1, 2022/05/18, 13:48:08.432, 684232175789, vstest.console.dll, TestRunRequest.ExecuteAsync: Creating test run request.
TpTrace Verbose: 0 : 16644, 1, 2022/05/18, 13:48:08.432, 684232179506, vstest.console.dll, TestRunRequest.ExecuteAsync: Starting.
TpTrace Information: 0 : 16644, 1, 2022/05/18, 13:48:08.433, 684232183391, vstest.console.dll, TestRunRequest.ExecuteAsync: Starting run with settings:TestRunCriteria:
   KeepAlive=False,FrequencyOfRunStatsChangeEvent=10,RunStatsChangeEventTimeout=00:00:01.5000000,TestCaseFilter=,TestExecutorLauncher=
   Settingsxml=<RunSettings>
  <RunConfiguration>
    <ResultsDirectory>C:\Users\Oleg\Desktop\SeleniumWebDriverDemo\SeleniumWebDriverTests\bin\Debug\net6.0\fine-code-coverage\coverage-tool-output</ResultsDirectory>
    <TargetPlatform>X64</TargetPlatform>
    <TargetFrameworkVersion>.NETCoreApp,Version=v6.0</TargetFrameworkVersion>
    <DesignMode>False</DesignMode>
    <CollectSourceInformation>False</CollectSourceInformation>
  </RunConfiguration>
  <LoggerRunSettings>
    <Loggers>
      <Logger friendlyName="blame" enabled="True" />
      <Logger friendlyName="Console" uri="logger://microsoft/TestPlatform/ConsoleLogger/v1" assemblyQualifiedName="Microsoft.VisualStudio.TestPlatform.CommandLine.Internal.ConsoleLogger, vstest.console, Version=15.0.0.0, Culture=neutral, PublicKeyToken=b03f5f7f11d50a3a" codeBase="C:\Program Files\dotnet\sdk\6.0.202\vstest.console.dll" enabled="True" />
    </Loggers>
  </LoggerRunSettings>
  <DataCollectionRunSettings>
    <DataCollectors>
      <DataCollector friendlyName="blame" enabled="True">
        <Configuration>
          <ResultsDirectory>C:\Users\Oleg\Desktop\SeleniumWebDriverDemo\SeleniumWebDriverTests\bin\Debug\net6.0\fine-code-coverage\coverage-tool-output</ResultsDirectory>
        </Configuration>
      </DataCollector>
    </DataCollectors>
  </DataCollectionRunSettings>
</RunSettings>

TpTrace Verbose: 0 : 16644, 1, 2022/05/18, 13:48:08.433, 684232184181, vstest.console.dll, TestRunRequest.ExecuteAsync: Wait for the first run request is over.
TpTrace Verbose: 0 : 16644, 1, 2022/05/18, 13:48:08.433, 684232190089, vstest.console.dll, ParallelProxyExecutionManager: Start execution. Total sources: 1
TpTrace Information: 0 : 16644, 1, 2022/05/18, 13:48:08.434, 684232199783, vstest.console.dll, ProxyParallelExecutionManager: Triggering test run for next source: C:\Users\Oleg\Desktop\SeleniumWebDriverDemo\SeleniumWebDriverTests\bin\Debug\net6.0\fine-code-coverage\build-output\SeleniumWebDriverTests.dll
TpTrace Verbose: 0 : 16644, 5, 2022/05/18, 13:48:08.435, 684232202254, vstest.console.dll, ParallelProxyExecutionManager: Execution started. Started clients: 1
TpTrace Verbose: 0 : 16644, 1, 2022/05/18, 13:48:08.435, 684232202896, vstest.console.dll, ProxyParallelExecutionManager: No sources available for execution.
TpTrace Information: 0 : 16644, 1, 2022/05/18, 13:48:08.435, 684232203588, vstest.console.dll, TestRunRequest.ExecuteAsync: Started.
TpTrace Verbose: 0 : 16644, 1, 2022/05/18, 13:48:08.435, 684232204968, vstest.console.dll, TestRunRequest.WaitForCompletion: Waiting with timeout -1.
TpTrace Verbose: 0 : 16644, 5, 2022/05/18, 13:48:08.435, 684232205589, vstest.console.dll, TestRunRequest:SendTestRunMessage: Starting.
TpTrace Information: 0 : 16644, 5, 2022/05/18, 13:48:08.435, 684232207003, vstest.console.dll, TestRunRequest:SendTestRunMessage: Completed.
TpTrace Verbose: 0 : 16644, 5, 2022/05/18, 13:48:08.435, 684232209754, vstest.console.dll, ProxyExecutionManager: Test host is always Lazy initialize.
TpTrace Verbose: 0 : 16644, 5, 2022/05/18, 13:48:08.436, 684232212151, vstest.console.dll, TestRequestSender.InitializeCommunication: initialize communication. 
TpTrace Information: 0 : 16644, 5, 2022/05/18, 13:48:08.436, 684232217611, vstest.console.dll, SocketServer.Start: Listening on endpoint : 127.0.0.1:61501
TpTrace Verbose: 0 : 16644, 5, 2022/05/18, 13:48:08.437, 684232227757, vstest.console.dll, DotnetTestHostmanager.GetTestHostProcessStartInfo: Platform environment 'X64' target architecture 'X64' framework '.NETCoreApp,Version=v6.0' OS 'Windows'
TpTrace Verbose: 0 : 16644, 5, 2022/05/18, 13:48:08.438, 684232233544, vstest.console.dll, DotnetTestHostmanager: Adding  --runtimeconfig "C:\Users\Oleg\Desktop\SeleniumWebDriverDemo\SeleniumWebDriverTests\bin\Debug\net6.0\fine-code-coverage\build-output\SeleniumWebDriverTests.runtimeconfig.json" in args
TpTrace Verbose: 0 : 16644, 5, 2022/05/18, 13:48:08.438, 684232235475, vstest.console.dll, DotnetTestHostmanager: Adding  --depsfile "C:\Users\Oleg\Desktop\SeleniumWebDriverDemo\SeleniumWebDriverTests\bin\Debug\net6.0\fine-code-coverage\build-output\SeleniumWebDriverTests.deps.json" in args
TpTrace Verbose: 0 : 16644, 5, 2022/05/18, 13:48:08.441, 684232265266, vstest.console.dll, DotnetTestHostmanager.IsWinOnArm: Current PROCESSOR_ARCHITECTURE from registry 'AMD64'
TpTrace Verbose: 0 : 16644, 5, 2022/05/18, 13:48:08.441, 684232267659, vstest.console.dll, DotnetTestHostmanager.IsWinOnArm: Is Windows on ARM 'False'
TpTrace Verbose: 0 : 16644, 5, 2022/05/18, 13:48:08.441, 684232269672, vstest.console.dll, DotnetTestHostManager: testhost.exe found at path: C:\Users\Oleg\Desktop\SeleniumWebDriverDemo\SeleniumWebDriverTests\bin\Debug\net6.0\fine-code-coverage\build-output\testhost.exe
TpTrace Verbose: 0 : 16644, 5, 2022/05/18, 13:48:08.442, 684232270470, vstest.console.dll, DotnetTestHostmanager: Full path of host exe is C:\Users\Oleg\Desktop\SeleniumWebDriverDemo\SeleniumWebDriverTests\bin\Debug\net6.0\fine-code-coverage\build-output\testhost.exe
TpTrace Verbose: 0 : 16644, 5, 2022/05/18, 13:48:08.442, 684232272960, vstest.console.dll, DotnetTestHostmanager.LaunchTestHostAsync: Found 'VSTEST_WINAPPHOST_DOTNET_ROOT' in env variables, value 'C:\Program Files\dotnet'
TpTrace Verbose: 0 : 16644, 7, 2022/05/18, 13:48:08.445, 684232306010, vstest.console.dll, DotnetTestHostManager: Starting process 'C:\Users\Oleg\Desktop\SeleniumWebDriverDemo\SeleniumWebDriverTests\bin\Debug\net6.0\fine-code-coverage\build-output\testhost.exe' with command line ' --runtimeconfig "C:\Users\Oleg\Desktop\SeleniumWebDriverDemo\SeleniumWebDriverTests\bin\Debug\net6.0\fine-code-coverage\build-output\SeleniumWebDriverTests.runtimeconfig.json" --depsfile "C:\Users\Oleg\Desktop\SeleniumWebDriverDemo\SeleniumWebDriverTests\bin\Debug\net6.0\fine-code-coverage\build-output\SeleniumWebDriverTests.deps.json" --port 61501 --endpoint 127.0.0.1:061501 --role client --parentprocessid 16644 --diag "C:\Users\Oleg\Desktop\SeleniumWebDriverDemo\SeleniumWebDriverTests\bin\Debug\net6.0\fine-code-coverage\coverage-tool-output\diagnostics.host.22-05-18_13-48-08_43727_5.log" --tracelevel 4 --datacollectionport 61500 --telemetryoptedin false'
TpTrace Verbose: 0 : 16644, 7, 2022/05/18, 13:48:08.457, 684232426809, vstest.console.dll, Test Runtime launched
TpTrace Verbose: 0 : 16644, 5, 2022/05/18, 13:48:08.460, 684232452316, vstest.console.dll, TestRequestSender.WaitForRequestHandlerConnection: waiting for connection with timeout: 90000
TpTrace Verbose: 0 : 16644, 11, 2022/05/18, 13:48:08.702, 684234872842, vstest.console.dll, SocketServer.OnClientConnected: Client connected for endPoint: 127.0.0.1:61501, starting MessageLoopAsync:
TpTrace Verbose: 0 : 16644, 11, 2022/05/18, 13:48:08.702, 684234875978, vstest.console.dll, TcpClientExtensions.MessageLoopAsync: Polling on remoteEndPoint: 127.0.0.1:61506 localEndPoint: 127.0.0.1:61501
TpTrace Verbose: 0 : 16644, 5, 2022/05/18, 13:48:08.703, 684234887683, vstest.console.dll, TestRequestSender.CheckVersionWithTestHost: Sending check version message: {"MessageType":"ProtocolVersion","Payload":5}
TpTrace Verbose: 0 : 16644, 11, 2022/05/18, 13:48:08.904, 684236892366, vstest.console.dll, TcpClientExtensions.MessageLoopAsync: NotifyDataAvailable remoteEndPoint: 127.0.0.1:61506 localEndPoint: 127.0.0.1:61501
TpTrace Verbose: 0 : 16644, 11, 2022/05/18, 13:48:08.904, 684236895243, vstest.console.dll, TestRequestSender.CheckVersionWithTestHost: onMessageReceived received message: (ProtocolVersion) -> 5
TpTrace Verbose: 0 : 16644, 11, 2022/05/18, 13:48:08.904, 684236899187, vstest.console.dll, TcpClientExtensions.MessageLoopAsync: Polling on remoteEndPoint: 127.0.0.1:61506 localEndPoint: 127.0.0.1:61501
TpTrace Verbose: 0 : 16644, 5, 2022/05/18, 13:48:08.905, 684236900049, vstest.console.dll, TestPluginCache.GetExtensionPaths: Filtered extension paths: 
TpTrace Verbose: 0 : 16644, 5, 2022/05/18, 13:48:08.905, 684236900731, vstest.console.dll, TestPluginCache.GetExtensionPaths: Added default extension paths: C:\Program Files\dotnet\sdk\6.0.202\Extensions\DumpMinitool.exe
C:\Program Files\dotnet\sdk\6.0.202\Extensions\DumpMinitool.x86.exe
C:\Program Files\dotnet\sdk\6.0.202\Extensions\Microsoft.Diagnostics.NETCore.Client.dll
C:\Program Files\dotnet\sdk\6.0.202\Extensions\Microsoft.TestPlatform.Extensions.BlameDataCollector.dll
C:\Program Files\dotnet\sdk\6.0.202\Extensions\Microsoft.TestPlatform.Extensions.EventLogCollector.dll
C:\Program Files\dotnet\sdk\6.0.202\Extensions\Microsoft.TestPlatform.TestHostRuntimeProvider.dll
C:\Program Files\dotnet\sdk\6.0.202\Extensions\Microsoft.VisualStudio.TestPlatform.Extensions.Html.TestLogger.dll
C:\Program Files\dotnet\sdk\6.0.202\Extensions\Microsoft.VisualStudio.TestPlatform.Extensions.Trx.TestLogger.dll
TpTrace Verbose: 0 : 16644, 5, 2022/05/18, 13:48:08.905, 684236901347, vstest.console.dll, TestPluginCache.GetExtensionPaths: Added unfilterableExtensionPaths: 
TpTrace Verbose: 0 : 16644, 5, 2022/05/18, 13:48:08.911, 684236962860, vstest.console.dll, TestRequestSender.InitializeExecution: Sending initialize execution with message: {"Version":5,"MessageType":"TestExecution.Initialize","Payload":["C:\\Users\\Oleg\\Desktop\\SeleniumWebDriverDemo\\SeleniumWebDriverTests\\bin\\Debug\\net6.0\\fine-code-coverage\\build-output\\NUnit3.TestAdapter.dll"]}
TpTrace Warning: 0 : 16644, 5, 2022/05/18, 13:48:08.911, 684236969846, vstest.console.dll, InferRunSettingsHelper.MakeRunsettingsCompatible: Removing the following settings: TargetPlatform from RunSettings file. To use those settings please move to latest version of Microsoft.NET.Test.Sdk
TpTrace Verbose: 0 : 16644, 11, 2022/05/18, 13:48:08.921, 684237067299, vstest.console.dll, TcpClientExtensions.MessageLoopAsync: NotifyDataAvailable remoteEndPoint: 127.0.0.1:61506 localEndPoint: 127.0.0.1:61501
TpTrace Verbose: 0 : 16644, 11, 2022/05/18, 13:48:08.921, 684237069505, vstest.console.dll, TestRequestSender.OnExecutionMessageReceived: Received message: {"Version":5,"MessageType":"TestSession.Message","Payload":{"MessageLevel":0,"Message":"Logging TestHost Diagnostics in file: C:\\Users\\Oleg\\Desktop\\SeleniumWebDriverDemo\\SeleniumWebDriverTests\\bin\\Debug\\net6.0\\fine-code-coverage\\coverage-tool-output\\diagnostics.host.22-05-18_13-48-08_43727_5.log"}}
TpTrace Verbose: 0 : 16644, 11, 2022/05/18, 13:48:08.925, 684237105441, vstest.console.dll, TestRunRequest:SendTestRunMessage: Starting.
TpTrace Information: 0 : 16644, 11, 2022/05/18, 13:48:08.925, 684237107527, vstest.console.dll, TestRunRequest:SendTestRunMessage: Completed.
TpTrace Verbose: 0 : 16644, 11, 2022/05/18, 13:48:08.925, 684237108719, vstest.console.dll, TcpClientExtensions.MessageLoopAsync: Polling on remoteEndPoint: 127.0.0.1:61506 localEndPoint: 127.0.0.1:61501
TpTrace Verbose: 0 : 16644, 5, 2022/05/18, 13:48:08.925, 684237109135, vstest.console.dll, TestRequestSender.StartTestRun: Sending test run with message: {"Version":5,"MessageType":"TestExecution.StartWithSources","Payload":{"AdapterSourceMap":{"_none_":["C:\\Users\\Oleg\\Desktop\\SeleniumWebDriverDemo\\SeleniumWebDriverTests\\bin\\Debug\\net6.0\\fine-code-coverage\\build-output\\SeleniumWebDriverTests.dll"]},"RunSettings":"<RunSettings>\r\n  <RunConfiguration>\r\n    <ResultsDirectory>C:\\Users\\Oleg\\Desktop\\SeleniumWebDriverDemo\\SeleniumWebDriverTests\\bin\\Debug\\net6.0\\fine-code-coverage\\coverage-tool-output</ResultsDirectory>\r\n    <TargetFrameworkVersion>.NETCoreApp,Version=v6.0</TargetFrameworkVersion>\r\n    <DesignMode>False</DesignMode>\r\n    <CollectSourceInformation>False</CollectSourceInformation>\r\n  </RunConfiguration>\r\n  <LoggerRunSettings>\r\n    <Loggers>\r\n      <Logger friendlyName=\"blame\" enabled=\"True\" />\r\n      <Logger friendlyName=\"Console\" uri=\"logger://microsoft/TestPlatform/ConsoleLogger/v1\" assemblyQualifiedName=\"Microsoft.VisualStudio.TestPlatform.CommandLine.Internal.ConsoleLogger, vstest.console, Version=15.0.0.0, Culture=neutral, PublicKeyToken=b03f5f7f11d50a3a\" codeBase=\"C:\\Program Files\\dotnet\\sdk\\6.0.202\\vstest.console.dll\" enabled=\"True\" />\r\n    </Loggers>\r\n  </LoggerRunSettings>\r\n  <DataCollectionRunSettings>\r\n    <DataCollectors>\r\n      <DataCollector friendlyName=\"blame\" enabled=\"True\">\r\n        <Configuration>\r\n          <ResultsDirectory>C:\\Users\\Oleg\\Desktop\\SeleniumWebDriverDemo\\SeleniumWebDriverTests\\bin\\Debug\\net6.0\\fine-code-coverage\\coverage-tool-output</ResultsDirectory>\r\n        </Configuration>\r\n      </DataCollector>\r\n    </DataCollectors>\r\n  </DataCollectionRunSettings>\r\n</RunSettings>","TestExecutionContext":{"FrequencyOfRunStatsChangeEvent":10,"RunStatsChangeEventTimeout":"00:00:01.5000000","InIsolation":false,"KeepAlive":false,"AreTestCaseLevelEventsRequired":false,"IsDebug":false,"TestCaseFilter":null,"FilterOptions":null},"Package":null}}
TpTrace Verbose: 0 : 16644, 11, 2022/05/18, 13:48:09.131, 684239162607, vstest.console.dll, TcpClientExtensions.MessageLoopAsync: NotifyDataAvailable remoteEndPoint: 127.0.0.1:61506 localEndPoint: 127.0.0.1:61501
TpTrace Verbose: 0 : 16644, 11, 2022/05/18, 13:48:09.131, 684239164534, vstest.console.dll, TestRequestSender.OnExecutionMessageReceived: Received message: {"Version":5,"MessageType":"TestSession.Message","Payload":{"MessageLevel":0,"Message":"NUnit Adapter 4.0.0.0: Test execution started"}}
TpTrace Verbose: 0 : 16644, 11, 2022/05/18, 13:48:09.131, 684239169130, vstest.console.dll, TestRunRequest:SendTestRunMessage: Starting.
TpTrace Information: 0 : 16644, 11, 2022/05/18, 13:48:09.132, 684239170155, vstest.console.dll, TestRunRequest:SendTestRunMessage: Completed.
TpTrace Verbose: 0 : 16644, 11, 2022/05/18, 13:48:09.132, 684239170952, vstest.console.dll, TcpClientExtensions.MessageLoopAsync: Polling on remoteEndPoint: 127.0.0.1:61506 localEndPoint: 127.0.0.1:61501
TpTrace Verbose: 0 : 16644, 11, 2022/05/18, 13:48:09.178, 684239638938, vstest.console.dll, TcpClientExtensions.MessageLoopAsync: NotifyDataAvailable remoteEndPoint: 127.0.0.1:61506 localEndPoint: 127.0.0.1:61501
TpTrace Verbose: 0 : 16644, 11, 2022/05/18, 13:48:09.179, 684239640778, vstest.console.dll, TestRequestSender.OnExecutionMessageReceived: Received message: {"Version":5,"MessageType":"TestSession.Message","Payload":{"MessageLevel":0,"Message":"Running all tests in C:\\Users\\Oleg\\Desktop\\SeleniumWebDriverDemo\\SeleniumWebDriverTests\\bin\\Debug\\net6.0\\fine-code-coverage\\build-output\\SeleniumWebDriverTests.dll"}}
TpTrace Verbose: 0 : 16644, 11, 2022/05/18, 13:48:09.179, 684239644429, vstest.console.dll, TestRunRequest:SendTestRunMessage: Starting.
TpTrace Information: 0 : 16644, 11, 2022/05/18, 13:48:09.179, 684239645672, vstest.console.dll, TestRunRequest:SendTestRunMessage: Completed.
TpTrace Verbose: 0 : 16644, 11, 2022/05/18, 13:48:09.179, 684239646594, vstest.console.dll, TcpClientExtensions.MessageLoopAsync: Polling on remoteEndPoint: 127.0.0.1:61506 localEndPoint: 127.0.0.1:61501
TpTrace Verbose: 0 : 16644, 11, 2022/05/18, 13:48:09.400, 684241856347, vstest.console.dll, TcpClientExtensions.MessageLoopAsync: NotifyDataAvailable remoteEndPoint: 127.0.0.1:61506 localEndPoint: 127.0.0.1:61501
TpTrace Verbose: 0 : 16644, 11, 2022/05/18, 13:48:09.400, 684241858155, vstest.console.dll, TestRequestSender.OnExecutionMessageReceived: Received message: {"Version":5,"MessageType":"TestSession.Message","Payload":{"MessageLevel":0,"Message":"   NUnit3TestExecutor discovered 1 of 1 NUnit test cases using Current Discovery mode, Non-Explicit run"}}
TpTrace Verbose: 0 : 16644, 11, 2022/05/18, 13:48:09.401, 684241861815, vstest.console.dll, TestRunRequest:SendTestRunMessage: Starting.
TpTrace Information: 0 : 16644, 11, 2022/05/18, 13:48:09.401, 684241863335, vstest.console.dll, TestRunRequest:SendTestRunMessage: Completed.
TpTrace Verbose: 0 : 16644, 11, 2022/05/18, 13:48:09.401, 684241864041, vstest.console.dll, TcpClientExtensions.MessageLoopAsync: Polling on remoteEndPoint: 127.0.0.1:61506 localEndPoint: 127.0.0.1:61501
TpTrace Verbose: 0 : 16644, 11, 2022/05/18, 13:48:10.414, 684251996944, vstest.console.dll, TcpClientExtensions.MessageLoopAsync: Polling on remoteEndPoint: 127.0.0.1:61506 localEndPoint: 127.0.0.1:61501
TpTrace Verbose: 0 : 16644, 11, 2022/05/18, 13:48:10.674, 684254595835, vstest.console.dll, TcpClientExtensions.MessageLoopAsync: NotifyDataAvailable remoteEndPoint: 127.0.0.1:61506 localEndPoint: 127.0.0.1:61501
TpTrace Verbose: 0 : 16644, 11, 2022/05/18, 13:48:10.675, 684254597968, vstest.console.dll, TestRequestSender.OnExecutionMessageReceived: Received message: {"Version":5,"MessageType":"TestExecution.StatsChange","Payload":{"NewTestResults":[],"TestRunStatistics":{"ExecutedTests":0,"Stats":{}},"ActiveTests":[{"Id":"bf9d5652-e525-6b7b-0013-2d8b74ca5f8e","FullyQualifiedName":"SeleniumWebDriverTests.SoftUniWebSiteTests.testSoftuniHomePage","DisplayName":"testSoftuniHomePage","ExecutorUri":"executor://NUnit3TestExecutor","Source":"C:\\Users\\Oleg\\Desktop\\SeleniumWebDriverDemo\\SeleniumWebDriverTests\\bin\\Debug\\net6.0\\fine-code-coverage\\build-output\\SeleniumWebDriverTests.dll","CodeFilePath":null,"LineNumber":0,"Properties":[{"Key":{"Id":"NUnit.Seed","Label":"Seed","Category":"","Description":"","Attributes":0,"ValueType":"System.String"},"Value":"1425702142"}]}]}}
TpTrace Verbose: 0 : 16644, 11, 2022/05/18, 13:48:10.725, 684255101002, vstest.console.dll, TestRunRequest:SendTestRunStatsChange: Starting.
TpTrace Verbose: 0 : 16644, 11, 2022/05/18, 13:48:10.725, 684255103025, vstest.console.dll, InProgress is testSoftuniHomePage
TpTrace Information: 0 : 16644, 11, 2022/05/18, 13:48:10.725, 684255105393, vstest.console.dll, TestRunRequest:SendTestRunStatsChange: Completed.
TpTrace Verbose: 0 : 16644, 11, 2022/05/18, 13:48:10.725, 684255106176, vstest.console.dll, TcpClientExtensions.MessageLoopAsync: Polling on remoteEndPoint: 127.0.0.1:61506 localEndPoint: 127.0.0.1:61501
TpTrace Verbose: 0 : 16644, 11, 2022/05/18, 13:48:11.731, 684265156876, vstest.console.dll, TcpClientExtensions.MessageLoopAsync: Polling on remoteEndPoint: 127.0.0.1:61506 localEndPoint: 127.0.0.1:61501
TpTrace Verbose: 0 : 16644, 11, 2022/05/18, 13:48:12.738, 684275226574, vstest.console.dll, TcpClientExtensions.MessageLoopAsync: Polling on remoteEndPoint: 127.0.0.1:61506 localEndPoint: 127.0.0.1:61501
TpTrace Verbose: 0 : 16644, 11, 2022/05/18, 13:48:13.749, 684285337384, vstest.console.dll, TcpClientExtensions.MessageLoopAsync: Polling on remoteEndPoint: 127.0.0.1:61506 localEndPoint: 127.0.0.1:61501
TpTrace Verbose: 0 : 16644, 11, 2022/05/18, 13:48:13.835, 684286202011, vstest.console.dll, TcpClientExtensions.MessageLoopAsync: NotifyDataAvailable remoteEndPoint: 127.0.0.1:61506 localEndPoint: 127.0.0.1:61501
TpTrace Verbose: 0 : 16644, 11, 2022/05/18, 13:48:13.835, 684286203253, vstest.console.dll, TestRequestSender.OnExecutionMessageReceived: Received message: {"Version":5,"MessageType":"TestSession.Message","Payload":{"MessageLevel":0,"Message":"NUnit Adapter 4.0.0.0: Test execution complete"}}
TpTrace Verbose: 0 : 16644, 11, 2022/05/18, 13:48:13.836, 684286205573, vstest.console.dll, TestRunRequest:SendTestRunMessage: Starting.
TpTrace Information: 0 : 16644, 11, 2022/05/18, 13:48:13.836, 684286206477, vstest.console.dll, TestRunRequest:SendTestRunMessage: Completed.
TpTrace Verbose: 0 : 16644, 11, 2022/05/18, 13:48:13.836, 684286207040, vstest.console.dll, TcpClientExtensions.MessageLoopAsync: Polling on remoteEndPoint: 127.0.0.1:61506 localEndPoint: 127.0.0.1:61501
TpTrace Verbose: 0 : 16644, 11, 2022/05/18, 13:48:13.872, 684286571671, vstest.console.dll, TcpClientExtensions.MessageLoopAsync: NotifyDataAvailable remoteEndPoint: 127.0.0.1:61506 localEndPoint: 127.0.0.1:61501
TpTrace Verbose: 0 : 16644, 11, 2022/05/18, 13:48:13.872, 684286573410, vstest.console.dll, TestRequestSender.OnExecutionMessageReceived: Received message: {"Version":5,"MessageType":"TestExecution.Completed","Payload":{"TestRunCompleteArgs":{"TestRunStatistics":{"ExecutedTests":1,"Stats":{"Passed":1}},"IsCanceled":false,"IsAborted":false,"Error":null,"AttachmentSets":[],"ElapsedTimeInRunningTests":"00:00:04.7317400","Metrics":{}},"LastRunTests":{"NewTestResults":[{"TestCase":{"Id":"bf9d5652-e525-6b7b-0013-2d8b74ca5f8e","FullyQualifiedName":"SeleniumWebDriverTests.SoftUniWebSiteTests.testSoftuniHomePage","DisplayName":"testSoftuniHomePage","ExecutorUri":"executor://NUnit3TestExecutor","Source":"C:\\Users\\Oleg\\Desktop\\SeleniumWebDriverDemo\\SeleniumWebDriverTests\\bin\\Debug\\net6.0\\fine-code-coverage\\build-output\\SeleniumWebDriverTests.dll","CodeFilePath":null,"LineNumber":0,"Properties":[{"Key":{"Id":"NUnit.Seed","Label":"Seed","Category":"","Description":"","Attributes":0,"ValueType":"System.String"},"Value":"1425702142"}]},"Attachments":[],"Outcome":1,"ErrorMessage":null,"ErrorStackTrace":null,"DisplayName":"testSoftuniHomePage","Messages":[],"ComputerName":"DESKTOP-VSB273D","Duration":"00:00:04.3439850","StartTime":"2022-05-18T10:48:09.4523097+00:00","EndTime":"2022-05-18T10:48:13.7966735+00:00","Properties":[{"Key":{"Id":"NUnit.Seed","Label":"Seed","Category":"","Description":"","Attributes":0,"ValueType":"System.String"},"Value":"1425702142"}]}],"TestRunStatistics":{"ExecutedTests":1,"Stats":{"Passed":1}},"ActiveTests":[]},"RunAttachments":[],"ExecutorUris":["executor://nunit3testexecutor/"]}}
TpTrace Verbose: 0 : 16644, 11, 2022/05/18, 13:48:13.874, 684286585630, vstest.console.dll, TestRequestSender.EndSession: Sending end session.
TpTrace Verbose: 0 : 16644, 11, 2022/05/18, 13:48:13.874, 684286588293, vstest.console.dll, ProxyOperationManager.Close: waiting for test host to exit for 100 ms
TpTrace Warning: 0 : 16644, 7, 2022/05/18, 13:48:13.902, 684286870481, vstest.console.dll, TestHostManagerCallbacks.ErrorReceivedCallback Test host standard error line: 
TpTrace Verbose: 0 : 16644, 8, 2022/05/18, 13:48:13.908, 684286927537, vstest.console.dll, TestHostProvider.ExitCallBack: Host exited starting callback.
TpTrace Information: 0 : 16644, 8, 2022/05/18, 13:48:13.908, 684286932937, vstest.console.dll, TestHostManagerCallbacks.ExitCallBack: Testhost processId: 12008 exited with exitcode: 0 error: ''
TpTrace Verbose: 0 : 16644, 8, 2022/05/18, 13:48:13.908, 684286933451, vstest.console.dll, DotnetTestHostManager.OnHostExited: invoking OnHostExited callback
TpTrace Verbose: 0 : 16644, 8, 2022/05/18, 13:48:13.908, 684286934022, vstest.console.dll, CrossPlatEngine.TestHostManagerHostExited: calling on client process exit callback.
TpTrace Information: 0 : 16644, 8, 2022/05/18, 13:48:13.909, 684286934569, vstest.console.dll, TestRequestSender.OnClientProcessExit: Test host process exited. Standard error: 
TpTrace Information: 0 : 16644, 11, 2022/05/18, 13:48:13.909, 684286934819, vstest.console.dll, SocketServer.Stop: Stop server endPoint: 127.0.0.1:61501
TpTrace Information: 0 : 16644, 8, 2022/05/18, 13:48:13.909, 684286934993, vstest.console.dll, SocketServer.Stop: Stop server endPoint: 127.0.0.1:61501
TpTrace Information: 0 : 16644, 11, 2022/05/18, 13:48:13.909, 684286935324, vstest.console.dll, SocketServer.Stop: Cancellation requested. Stopping message loop.
TpTrace Information: 0 : 16644, 8, 2022/05/18, 13:48:13.909, 684286935660, vstest.console.dll, SocketServer.Stop: Cancellation requested. Stopping message loop.
TpTrace Information: 0 : 16644, 11, 2022/05/18, 13:48:13.909, 684286936942, vstest.console.dll, Closing the connection
TpTrace Warning: 0 : 16644, 11, 2022/05/18, 13:48:13.909, 684286937354, vstest.console.dll, ProxyOperationManager: Timed out waiting for test host to exit. Will terminate process.
TpTrace Verbose: 0 : 16644, 11, 2022/05/18, 13:48:13.909, 684286940500, vstest.console.dll, ProxyDataCollectionManager.InvokeDataCollectionServiceAction: Starting.
TpTrace Information: 0 : 16644, 11, 2022/05/18, 13:48:13.909, 684286940922, vstest.console.dll, ProxyDataCollectionManager.AfterTestRunEnd: Get attachment set for datacollector processId: 8136 port: 61498
TpTrace Verbose: 0 : 16644, 11, 2022/05/18, 13:48:13.909, 684286941439, vstest.console.dll, DataCollectionRequestSender.SendAfterTestRunStartAndGetResult : Send AfterTestRunEnd message with isCancelled: False
TpTrace Verbose: 0 : 16644, 11, 2022/05/18, 13:48:13.914, 684286988352, vstest.console.dll, DataCollectionRequestSender.SendAfterTestRunStartAndGetResult : Received message: (DataCollection.AfterTestRunEndResult) -> {
  "AttachmentSets": [],
  "Metrics": {}
}
TpTrace Information: 0 : 16644, 11, 2022/05/18, 13:48:13.919, 684287039418, vstest.console.dll, ProxyDataCollectionManager.InvokeDataCollectionServiceAction: Completed.
TpTrace Warning: 0 : 16644, 10, 2022/05/18, 13:48:13.919, 684287042895, vstest.console.dll, DataCollectionLauncher.ErrorReceivedCallback datacollector standard error line: 
TpTrace Information: 0 : 16644, 8, 2022/05/18, 13:48:13.931, 684287154469, vstest.console.dll, DataCollectionLauncher.ExitCallBack: Data collector exited with exitcode: 0 error: ''
TpTrace Verbose: 0 : 16644, 11, 2022/05/18, 13:48:13.959, 684287438923, vstest.console.dll, TestRunRequest:SendTestRunStatsChange: Starting.
TpTrace Information: 0 : 16644, 11, 2022/05/18, 13:48:13.959, 684287441181, vstest.console.dll, TestRunRequest:SendTestRunStatsChange: Completed.
TpTrace Verbose: 0 : 16644, 11, 2022/05/18, 13:48:13.960, 684287446706, vstest.console.dll, ParallelProxyExecutionManager: HandlePartialRunComplete: Total completed clients = 1, Run complete = True, Run canceled: False.
TpTrace Verbose: 0 : 16644, 11, 2022/05/18, 13:48:13.983, 684287681024, vstest.console.dll, TestRunRequest:TestRunComplete: Starting. IsAborted:False IsCanceled:False.
TpTrace Verbose: 0 : 16644, 11, 2022/05/18, 13:48:13.983, 684287683124, vstest.console.dll, TestLoggerManager.HandleTestRunComplete: Ignoring as the object is disposed.
TpTrace Information: 0 : 16644, 11, 2022/05/18, 13:48:13.984, 684287686370, vstest.console.dll, TestRunRequest:TestRunComplete: Completed.
TpTrace Verbose: 0 : 16644, 1, 2022/05/18, 13:48:13.984, 684287686377, vstest.console.dll, TestRunRequest.Dispose: Starting.
TpTrace Verbose: 0 : 16644, 11, 2022/05/18, 13:48:13.984, 684287686927, vstest.console.dll, TestRequestSender.SetOperationComplete: Setting operation complete.
TpTrace Information: 0 : 16644, 1, 2022/05/18, 13:48:13.984, 684287687593, vstest.console.dll, TestRunRequest.Dispose: Completed.
TpTrace Information: 0 : 16644, 11, 2022/05/18, 13:48:13.984, 684287687826, vstest.console.dll, SocketServer.Stop: Stop server endPoint: 127.0.0.1:61501
TpTrace Information: 0 : 16644, 1, 2022/05/18, 13:48:13.984, 684287688344, vstest.console.dll, TestRequestManager.RunTests: run tests completed.
TpTrace Information: 0 : 16644, 11, 2022/05/18, 13:48:13.984, 684287688723, vstest.console.dll, SocketServer.Stop: Cancellation requested. Stopping message loop.
TpTrace Information: 0 : 16644, 1, 2022/05/18, 13:48:13.984, 684287689177, vstest.console.dll, RunTestsArgumentProcessor:Execute: Test run is completed.
TpTrace Information: 0 : 16644, 11, 2022/05/18, 13:48:13.984, 684287689204, vstest.console.dll, SocketServer.PrivateStop: Stopping server endPoint: 127.0.0.1:61501 error: 
TpTrace Verbose: 0 : 16644, 1, 2022/05/18, 13:48:13.984, 684287691223, vstest.console.dll, Executor.Execute: Exiting with exit code of 0
TpTrace Verbose: 0 : 16644, 11, 2022/05/18, 13:48:13.985, 684287694438, vstest.console.dll, LengthPrefixCommunicationChannel.Dispose: Dispose reader and writer.
TpTrace Information: 0 : 16644, 11, 2022/05/18, 13:48:13.985, 684287695511, vstest.console.dll, SocketServer.Stop: Raise disconnected event endPoint: 127.0.0.1:61501 error: 
TpTrace Verbose: 0 : 16644, 11, 2022/05/18, 13:48:13.985, 684287696398, vstest.console.dll, TestRequestSender: OnTestRunAbort: Operation is already complete. Skip error message.
TpTrace Verbose: 0 : 16644, 11, 2022/05/18, 13:48:13.985, 684287696932, vstest.console.dll, TcpClientExtensions.MessageLoopAsync: exiting MessageLoopAsync remoteEndPoint: 127.0.0.1:61506 localEndPoint: 127.0.0.1:61501
